[{"line":1,"elements":[{"line":4,"name":"Home page of JDMS","description":"","type":"background","keyword":"Background","steps":[]},{"start_timestamp":"2023-07-12T05:08:11.699Z","before":[{"result":{"duration":997700,"status":"passed"},"match":{"location":"Cucumber.StepDefinitions.Hooks.setUp()"}}],"line":7,"name":"Open All Jobs.","description":"","id":"login-tests;open-all-jobs.","after":[{"result":{"duration":997100,"status":"passed"},"match":{"location":"Cucumber.StepDefinitions.Hooks.tearDown(io.cucumber.java.Scenario)"}}],"type":"scenario","keyword":"Scenario","steps":[{"result":{"error_message":"org.openqa.selenium.ElementNotInteractableException: element not interactable\n  (Session info: chrome=114.0.5735.199)\nBuild info: version: '4.8.1', revision: '8ebccac989'\nSystem info: os.name: 'Windows 10', os.arch: 'amd64', os.version: '10.0', java.version: '20.0.1'\nDriver info: org.openqa.selenium.chrome.ChromeDriver\nCommand: [f329adf0cdd5a5dba8a1791f60395df9, clickElement {id=58C6E87A08A97C7E99D84C5C89054359_element_29}]\nCapabilities {acceptInsecureCerts: true, browserName: chrome, browserVersion: 114.0.5735.199, chrome: {chromedriverVersion: 114.0.5735.90 (386bc09e8f4f..., userDataDir: C:\\Users\\startbit\\AppData\\L...}, goog:chromeOptions: {debuggerAddress: localhost:51788}, networkConnectionEnabled: false, pageLoadStrategy: normal, platformName: WINDOWS, proxy: Proxy(), se:cdp: ws://localhost:51788/devtoo..., se:cdpVersion: 114.0.5735.199, setWindowRect: true, strictFileInteractability: false, timeouts: {implicit: 0, pageLoad: 300000, script: 30000}, unhandledPromptBehavior: accept, webauthn:extension:credBlob: true, webauthn:extension:largeBlob: true, webauthn:extension:minPinLength: true, webauthn:extension:prf: true, webauthn:virtualAuthenticators: true}\nElement: [[ChromeDriver: chrome on WINDOWS (f329adf0cdd5a5dba8a1791f60395df9)] -> id: tabAllJobs]\nSession ID: f329adf0cdd5a5dba8a1791f60395df9\r\n\tat java.base/jdk.internal.reflect.DirectConstructorHandleAccessor.newInstance(DirectConstructorHandleAccessor.java:67)\r\n\tat java.base/java.lang.reflect.Constructor.newInstanceWithCaller(Constructor.java:500)\r\n\tat java.base/java.lang.reflect.Constructor.newInstance(Constructor.java:484)\r\n\tat org.openqa.selenium.remote.codec.w3c.W3CHttpResponseCodec.createException(W3CHttpResponseCodec.java:200)\r\n\tat org.openqa.selenium.remote.codec.w3c.W3CHttpResponseCodec.decode(W3CHttpResponseCodec.java:133)\r\n\tat org.openqa.selenium.remote.codec.w3c.W3CHttpResponseCodec.decode(W3CHttpResponseCodec.java:53)\r\n\tat org.openqa.selenium.remote.HttpCommandExecutor.execute(HttpCommandExecutor.java:184)\r\n\tat org.openqa.selenium.remote.service.DriverCommandExecutor.invokeExecute(DriverCommandExecutor.java:167)\r\n\tat org.openqa.selenium.remote.service.DriverCommandExecutor.execute(DriverCommandExecutor.java:142)\r\n\tat org.openqa.selenium.remote.RemoteWebDriver.execute(RemoteWebDriver.java:543)\r\n\tat org.openqa.selenium.remote.RemoteWebElement.execute(RemoteWebElement.java:257)\r\n\tat org.openqa.selenium.remote.RemoteWebElement.click(RemoteWebElement.java:78)\r\n\tat java.base/jdk.internal.reflect.DirectMethodHandleAccessor.invoke(DirectMethodHandleAccessor.java:104)\r\n\tat java.base/java.lang.reflect.Method.invoke(Method.java:578)\r\n\tat org.openqa.selenium.support.pagefactory.internal.LocatingElementHandler.invoke(LocatingElementHandler.java:52)\r\n\tat jdk.proxy2/jdk.proxy2.$Proxy14.click(Unknown Source)\r\n\tat Cucumber.StepDefinitions.LoginSteps.AllJobs(LoginSteps.java:106)\r\n\tat ✽.Click on All Jobs(file:///E:/Automation_Jdms/jdmstesting/src/test/resources/features/BlountLoginTests.feature:8)\r\n","duration":72820528300,"status":"failed"},"line":8,"name":"Click on All Jobs","match":{"location":"Cucumber.StepDefinitions.LoginSteps.AllJobs()"},"keyword":"Then "}],"tags":[{"name":"@CMSTest"}]},{"line":4,"name":"Home page of JDMS","description":"","type":"background","keyword":"Background","steps":[]},{"start_timestamp":"2023-07-12T05:09:24.705Z","before":[{"result":{"status":"passed"},"match":{"location":"Cucumber.StepDefinitions.Hooks.setUp()"}}],"line":10,"name":"Login to application using valid account and  Open My Jobs.","description":"","id":"login-tests;login-to-application-using-valid-account-and--open-my-jobs.","after":[{"result":{"status":"passed"},"match":{"location":"Cucumber.StepDefinitions.Hooks.tearDown(io.cucumber.java.Scenario)"}}],"type":"scenario","keyword":"Scenario","steps":[{"result":{"duration":5145742900,"status":"passed"},"line":11,"name":"Click on My Jobs","match":{"location":"Cucumber.StepDefinitions.LoginSteps.MyJobs()"},"keyword":"Then "}],"tags":[{"name":"@CMSTest"}]},{"line":4,"name":"Home page of JDMS","description":"","type":"background","keyword":"Background","steps":[]},{"start_timestamp":"2023-07-12T05:09:29.864Z","before":[{"result":{"status":"passed"},"match":{"location":"Cucumber.StepDefinitions.Hooks.setUp()"}}],"line":13,"name":"Login to application using valid account and  Open Ready for Review.","description":"","id":"login-tests;login-to-application-using-valid-account-and--open-ready-for-review.","after":[{"result":{"duration":997200,"status":"passed"},"match":{"location":"Cucumber.StepDefinitions.Hooks.tearDown(io.cucumber.java.Scenario)"}}],"type":"scenario","keyword":"Scenario","steps":[{"result":{"duration":5149238400,"status":"passed"},"line":14,"name":"Click on Ready for Review","match":{"location":"Cucumber.StepDefinitions.LoginSteps.ReadyforReview()"},"keyword":"Then "}],"tags":[{"name":"@CMSTest"}]},{"line":4,"name":"Home page of JDMS","description":"","type":"background","keyword":"Background","steps":[]},{"start_timestamp":"2023-07-12T05:09:35.024Z","before":[{"result":{"duration":997500,"status":"passed"},"match":{"location":"Cucumber.StepDefinitions.Hooks.setUp()"}}],"line":16,"name":"Login to application using valid account and  Open Create Job.","description":"","id":"login-tests;login-to-application-using-valid-account-and--open-create-job.","after":[{"result":{"status":"passed"},"match":{"location":"Cucumber.StepDefinitions.Hooks.tearDown(io.cucumber.java.Scenario)"}}],"type":"scenario","keyword":"Scenario","steps":[{"result":{"duration":5109948500,"status":"passed"},"line":17,"name":"Click on Create Job","match":{"location":"Cucumber.StepDefinitions.LoginSteps.CreateJob()"},"keyword":"Then "}],"tags":[{"name":"@CMSTest"}]},{"line":4,"name":"Home page of JDMS","description":"","type":"background","keyword":"Background","steps":[]},{"start_timestamp":"2023-07-12T05:09:40.144Z","before":[{"result":{"duration":835400,"status":"passed"},"match":{"location":"Cucumber.StepDefinitions.Hooks.setUp()"}}],"line":19,"name":"Login to application using valid account and Open Approved Job.","description":"","id":"login-tests;login-to-application-using-valid-account-and-open-approved-job.","after":[{"result":{"status":"passed"},"match":{"location":"Cucumber.StepDefinitions.Hooks.tearDown(io.cucumber.java.Scenario)"}}],"type":"scenario","keyword":"Scenario","steps":[{"result":{"duration":6153420100,"status":"passed"},"line":20,"name":"Click on All Jobs","match":{"location":"Cucumber.StepDefinitions.LoginSteps.AllJobs()"},"keyword":"Then "},{"result":{"duration":5470977600,"status":"passed"},"line":21,"name":"Click on Approved","match":{"location":"Cucumber.StepDefinitions.LoginSteps.Approved()"},"keyword":"Then "}],"tags":[{"name":"@CMSTest"}]},{"line":4,"name":"Home page of JDMS","description":"","type":"background","keyword":"Background","steps":[]},{"start_timestamp":"2023-07-12T05:09:51.808Z","before":[{"result":{"status":"passed"},"match":{"location":"Cucumber.StepDefinitions.Hooks.setUp()"}}],"line":23,"name":"Login to application using valid account and Open In Progress Job.","description":"","id":"login-tests;login-to-application-using-valid-account-and-open-in-progress-job.","after":[{"result":{"status":"passed"},"match":{"location":"Cucumber.StepDefinitions.Hooks.tearDown(io.cucumber.java.Scenario)"}}],"type":"scenario","keyword":"Scenario","steps":[{"result":{"duration":6086338400,"status":"passed"},"line":24,"name":"Click on All Jobs","match":{"location":"Cucumber.StepDefinitions.LoginSteps.AllJobs()"},"keyword":"Then "},{"result":{"duration":5138777000,"status":"passed"},"line":25,"name":"Click on In Progress","match":{"location":"Cucumber.StepDefinitions.LoginSteps.InProgress()"},"keyword":"Then "}],"tags":[{"name":"@CMSTest"}]},{"line":4,"name":"Home page of JDMS","description":"","type":"background","keyword":"Background","steps":[]},{"start_timestamp":"2023-07-12T05:10:03.050Z","before":[{"result":{"status":"passed"},"match":{"location":"Cucumber.StepDefinitions.Hooks.setUp()"}}],"line":27,"name":"Login to application using valid account and Open Draft Job.","description":"","id":"login-tests;login-to-application-using-valid-account-and-open-draft-job.","after":[{"result":{"duration":798800,"status":"passed"},"match":{"location":"Cucumber.StepDefinitions.Hooks.tearDown(io.cucumber.java.Scenario)"}}],"type":"scenario","keyword":"Scenario","steps":[{"result":{"duration":6156033500,"status":"passed"},"line":28,"name":"Click on All Jobs","match":{"location":"Cucumber.StepDefinitions.LoginSteps.AllJobs()"},"keyword":"Then "},{"result":{"duration":7124723900,"status":"passed"},"line":29,"name":"Click on Draft","match":{"location":"Cucumber.StepDefinitions.LoginSteps.Draft()"},"keyword":"Then "}],"tags":[{"name":"@CMSTest"}]}],"name":"Login tests","description":"  As User , I can login to JDMS and open all section links.","id":"login-tests","keyword":"Feature","uri":"file:src/test/resources/features/BlountLoginTests.feature","tags":[]},{"line":3,"elements":[{"line":6,"name":"Home page of JDMS","description":"   // Given Login form in login page","type":"background","keyword":"Background","steps":[]},{"start_timestamp":"2023-07-12T05:10:16.372Z","before":[{"result":{"status":"passed"},"match":{"location":"Cucumber.StepDefinitions.Hooks.setUp()"}}],"line":13,"name":"Login to application using valid account and  Open Published Jobs.","description":"","id":"login-tests;login-to-application-using-valid-account-and--open-published-jobs.","after":[{"result":{"status":"passed"},"match":{"location":"Cucumber.StepDefinitions.Hooks.tearDown(io.cucumber.java.Scenario)"}}],"type":"scenario","keyword":"Scenario","steps":[{"result":{"error_message":"org.openqa.selenium.ElementNotInteractableException: element not interactable\n  (Session info: chrome=114.0.5735.199)\nBuild info: version: '4.8.1', revision: '8ebccac989'\nSystem info: os.name: 'Windows 10', os.arch: 'amd64', os.version: '10.0', java.version: '20.0.1'\nDriver info: org.openqa.selenium.chrome.ChromeDriver\nCommand: [f329adf0cdd5a5dba8a1791f60395df9, clickElement {id=58C6E87A08A97C7E99D84C5C89054359_element_44}]\nCapabilities {acceptInsecureCerts: true, browserName: chrome, browserVersion: 114.0.5735.199, chrome: {chromedriverVersion: 114.0.5735.90 (386bc09e8f4f..., userDataDir: C:\\Users\\startbit\\AppData\\L...}, goog:chromeOptions: {debuggerAddress: localhost:51788}, networkConnectionEnabled: false, pageLoadStrategy: normal, platformName: WINDOWS, proxy: Proxy(), se:cdp: ws://localhost:51788/devtoo..., se:cdpVersion: 114.0.5735.199, setWindowRect: true, strictFileInteractability: false, timeouts: {implicit: 0, pageLoad: 300000, script: 30000}, unhandledPromptBehavior: accept, webauthn:extension:credBlob: true, webauthn:extension:largeBlob: true, webauthn:extension:minPinLength: true, webauthn:extension:prf: true, webauthn:virtualAuthenticators: true}\nElement: [[ChromeDriver: chrome on WINDOWS (f329adf0cdd5a5dba8a1791f60395df9)] -> id: tabPublishedJobs]\nSession ID: f329adf0cdd5a5dba8a1791f60395df9\r\n\tat java.base/jdk.internal.reflect.DirectConstructorHandleAccessor.newInstance(DirectConstructorHandleAccessor.java:67)\r\n\tat java.base/java.lang.reflect.Constructor.newInstanceWithCaller(Constructor.java:500)\r\n\tat java.base/java.lang.reflect.Constructor.newInstance(Constructor.java:484)\r\n\tat org.openqa.selenium.remote.codec.w3c.W3CHttpResponseCodec.createException(W3CHttpResponseCodec.java:200)\r\n\tat org.openqa.selenium.remote.codec.w3c.W3CHttpResponseCodec.decode(W3CHttpResponseCodec.java:133)\r\n\tat org.openqa.selenium.remote.codec.w3c.W3CHttpResponseCodec.decode(W3CHttpResponseCodec.java:53)\r\n\tat org.openqa.selenium.remote.HttpCommandExecutor.execute(HttpCommandExecutor.java:184)\r\n\tat org.openqa.selenium.remote.service.DriverCommandExecutor.invokeExecute(DriverCommandExecutor.java:167)\r\n\tat org.openqa.selenium.remote.service.DriverCommandExecutor.execute(DriverCommandExecutor.java:142)\r\n\tat org.openqa.selenium.remote.RemoteWebDriver.execute(RemoteWebDriver.java:543)\r\n\tat org.openqa.selenium.remote.RemoteWebElement.execute(RemoteWebElement.java:257)\r\n\tat org.openqa.selenium.remote.RemoteWebElement.click(RemoteWebElement.java:78)\r\n\tat java.base/jdk.internal.reflect.DirectMethodHandleAccessor.invoke(DirectMethodHandleAccessor.java:104)\r\n\tat java.base/java.lang.reflect.Method.invoke(Method.java:578)\r\n\tat org.openqa.selenium.support.pagefactory.internal.LocatingElementHandler.invoke(LocatingElementHandler.java:52)\r\n\tat jdk.proxy2/jdk.proxy2.$Proxy14.click(Unknown Source)\r\n\tat Cucumber.StepDefinitions.LoginSteps.PublishedJobs(LoginSteps.java:129)\r\n\tat ✽.Click on Published Jobs(file:///E:/Automation_Jdms/jdmstesting/src/test/resources/features/CMSLoginTest.feature:14)\r\n","duration":5090275800,"status":"failed"},"line":14,"name":"Click on Published Jobs","match":{"location":"Cucumber.StepDefinitions.LoginSteps.PublishedJobs()"},"keyword":"Then "}],"tags":[{"name":"@Test"}]},{"line":6,"name":"Home page of JDMS","description":"   // Given Login form in login page","type":"background","keyword":"Background","steps":[]},{"start_timestamp":"2023-07-12T05:10:21.489Z","before":[{"result":{"duration":997600,"status":"passed"},"match":{"location":"Cucumber.StepDefinitions.Hooks.setUp()"}}],"line":16,"name":"Login to application using valid account and  Open Ready for Review.","description":"","id":"login-tests;login-to-application-using-valid-account-and--open-ready-for-review.","after":[{"result":{"status":"passed"},"match":{"location":"Cucumber.StepDefinitions.Hooks.tearDown(io.cucumber.java.Scenario)"}}],"type":"scenario","keyword":"Scenario","steps":[{"result":{"duration":5141272100,"status":"passed"},"line":17,"name":"Click on Ready for Review","match":{"location":"Cucumber.StepDefinitions.LoginSteps.ReadyforReview()"},"keyword":"Then "}],"tags":[{"name":"@Test"}]},{"line":6,"name":"Home page of JDMS","description":"   // Given Login form in login page","type":"background","keyword":"Background","steps":[]},{"start_timestamp":"2023-07-12T05:10:26.642Z","before":[{"result":{"status":"passed"},"match":{"location":"Cucumber.StepDefinitions.Hooks.setUp()"}}],"line":19,"name":"Login to application using valid account and  Open Create Job.","description":"","id":"login-tests;login-to-application-using-valid-account-and--open-create-job.","after":[{"result":{"status":"passed"},"match":{"location":"Cucumber.StepDefinitions.Hooks.tearDown(io.cucumber.java.Scenario)"}}],"type":"scenario","keyword":"Scenario","steps":[{"result":{"duration":5102502200,"status":"passed"},"line":20,"name":"Click on Create Job","match":{"location":"Cucumber.StepDefinitions.LoginSteps.CreateJob()"},"keyword":"Then "}],"tags":[{"name":"@Test"}]},{"line":6,"name":"Home page of JDMS","description":"   // Given Login form in login page","type":"background","keyword":"Background","steps":[]},{"start_timestamp":"2023-07-12T05:10:31.753Z","before":[{"result":{"status":"passed"},"match":{"location":"Cucumber.StepDefinitions.Hooks.setUp()"}}],"line":22,"name":"Login to application using valid account and Open Approved Job.","description":"","id":"login-tests;login-to-application-using-valid-account-and-open-approved-job.","after":[{"result":{"status":"passed"},"match":{"location":"Cucumber.StepDefinitions.Hooks.tearDown(io.cucumber.java.Scenario)"}}],"type":"scenario","keyword":"Scenario","steps":[{"result":{"duration":6104614300,"status":"passed"},"line":23,"name":"Click on All Jobs","match":{"location":"Cucumber.StepDefinitions.LoginSteps.AllJobs()"},"keyword":"Then "},{"result":{"duration":5399668600,"status":"passed"},"line":24,"name":"Click on Approved","match":{"location":"Cucumber.StepDefinitions.LoginSteps.Approved()"},"keyword":"Then "}],"tags":[{"name":"@Test"}]},{"line":6,"name":"Home page of JDMS","description":"   // Given Login form in login page","type":"background","keyword":"Background","steps":[]},{"start_timestamp":"2023-07-12T05:10:43.260Z","before":[{"result":{"status":"passed"},"match":{"location":"Cucumber.StepDefinitions.Hooks.setUp()"}}],"line":26,"name":"Login to application using valid account and Open In Progress Job.","description":"","id":"login-tests;login-to-application-using-valid-account-and-open-in-progress-job.","after":[{"result":{"status":"passed"},"match":{"location":"Cucumber.StepDefinitions.Hooks.tearDown(io.cucumber.java.Scenario)"}}],"type":"scenario","keyword":"Scenario","steps":[{"result":{"duration":6126486700,"status":"passed"},"line":27,"name":"Click on All Jobs","match":{"location":"Cucumber.StepDefinitions.LoginSteps.AllJobs()"},"keyword":"Then "},{"result":{"duration":5100404900,"status":"passed"},"line":28,"name":"Click on In Progress","match":{"location":"Cucumber.StepDefinitions.LoginSteps.InProgress()"},"keyword":"Then "}],"tags":[{"name":"@Test"}]},{"line":6,"name":"Home page of JDMS","description":"   // Given Login form in login page","type":"background","keyword":"Background","steps":[]},{"start_timestamp":"2023-07-12T05:10:54.496Z","before":[{"result":{"duration":999100,"status":"passed"},"match":{"location":"Cucumber.StepDefinitions.Hooks.setUp()"}}],"line":30,"name":"Login to application using valid account and Open Draft Job.","description":"","id":"login-tests;login-to-application-using-valid-account-and-open-draft-job.","after":[{"result":{"status":"passed"},"match":{"location":"Cucumber.StepDefinitions.Hooks.tearDown(io.cucumber.java.Scenario)"}}],"type":"scenario","keyword":"Scenario","steps":[{"result":{"duration":6153446900,"status":"passed"},"line":31,"name":"Click on All Jobs","match":{"location":"Cucumber.StepDefinitions.LoginSteps.AllJobs()"},"keyword":"Then "},{"result":{"duration":7156461900,"status":"passed"},"line":32,"name":"Click on Draft","match":{"location":"Cucumber.StepDefinitions.LoginSteps.Draft()"},"keyword":"Then "}],"tags":[{"name":"@Test"}]},{"line":6,"name":"Home page of JDMS","description":"   // Given Login form in login page","type":"background","keyword":"Background","steps":[]},{"start_timestamp":"2023-07-12T05:11:07.821Z","before":[{"result":{"duration":1030200,"status":"passed"},"match":{"location":"Cucumber.StepDefinitions.Hooks.setUp()"}}],"line":34,"name":"Login to application using valid account and Open Job.","description":"","id":"login-tests;login-to-application-using-valid-account-and-open-job.","after":[{"result":{"status":"passed"},"match":{"location":"Cucumber.StepDefinitions.Hooks.tearDown(io.cucumber.java.Scenario)"}}],"type":"scenario","keyword":"Scenario","steps":[{"result":{"duration":6140094000,"status":"passed"},"line":35,"name":"Click on All Jobs","match":{"location":"Cucumber.StepDefinitions.LoginSteps.AllJobs()"},"keyword":"Then "},{"result":{"duration":5389128100,"status":"passed"},"line":36,"name":"Click on Approved","match":{"location":"Cucumber.StepDefinitions.LoginSteps.Approved()"},"keyword":"Then "},{"result":{"error_message":"org.openqa.selenium.NoSuchElementException: no such element: Unable to locate element: {\"method\":\"xpath\",\"selector\":\"//*[@id=\"GridPannelBody\"]/div[5]/div/div[2]/div[2]/div[3]/div[2]/div/div/div[3]/div[3]/td/a/p\"}\n  (Session info: chrome=114.0.5735.199)\nFor documentation on this error, please visit: https://selenium.dev/exceptions/#no_such_element\nBuild info: version: '4.8.1', revision: '8ebccac989'\nSystem info: os.name: 'Windows 10', os.arch: 'amd64', os.version: '10.0', java.version: '20.0.1'\nDriver info: org.openqa.selenium.chrome.ChromeDriver\nCommand: [f329adf0cdd5a5dba8a1791f60395df9, findElement {using=xpath, value=//*[@id=\"GridPannelBody\"]/div[5]/div/div[2]/div[2]/div[3]/div[2]/div/div/div[3]/div[3]/td/a/p}]\nCapabilities {acceptInsecureCerts: true, browserName: chrome, browserVersion: 114.0.5735.199, chrome: {chromedriverVersion: 114.0.5735.90 (386bc09e8f4f..., userDataDir: C:\\Users\\startbit\\AppData\\L...}, goog:chromeOptions: {debuggerAddress: localhost:51788}, networkConnectionEnabled: false, pageLoadStrategy: normal, platformName: WINDOWS, proxy: Proxy(), se:cdp: ws://localhost:51788/devtoo..., se:cdpVersion: 114.0.5735.199, setWindowRect: true, strictFileInteractability: false, timeouts: {implicit: 0, pageLoad: 300000, script: 30000}, unhandledPromptBehavior: accept, webauthn:extension:credBlob: true, webauthn:extension:largeBlob: true, webauthn:extension:minPinLength: true, webauthn:extension:prf: true, webauthn:virtualAuthenticators: true}\nSession ID: f329adf0cdd5a5dba8a1791f60395df9\r\n\tat java.base/jdk.internal.reflect.DirectConstructorHandleAccessor.newInstance(DirectConstructorHandleAccessor.java:67)\r\n\tat java.base/java.lang.reflect.Constructor.newInstanceWithCaller(Constructor.java:500)\r\n\tat java.base/java.lang.reflect.Constructor.newInstance(Constructor.java:484)\r\n\tat org.openqa.selenium.remote.codec.w3c.W3CHttpResponseCodec.createException(W3CHttpResponseCodec.java:200)\r\n\tat org.openqa.selenium.remote.codec.w3c.W3CHttpResponseCodec.decode(W3CHttpResponseCodec.java:133)\r\n\tat org.openqa.selenium.remote.codec.w3c.W3CHttpResponseCodec.decode(W3CHttpResponseCodec.java:53)\r\n\tat org.openqa.selenium.remote.HttpCommandExecutor.execute(HttpCommandExecutor.java:184)\r\n\tat org.openqa.selenium.remote.service.DriverCommandExecutor.invokeExecute(DriverCommandExecutor.java:167)\r\n\tat org.openqa.selenium.remote.service.DriverCommandExecutor.execute(DriverCommandExecutor.java:142)\r\n\tat org.openqa.selenium.remote.RemoteWebDriver.execute(RemoteWebDriver.java:543)\r\n\tat org.openqa.selenium.remote.ElementLocation$ElementFinder$2.findElement(ElementLocation.java:162)\r\n\tat org.openqa.selenium.remote.ElementLocation.findElement(ElementLocation.java:60)\r\n\tat org.openqa.selenium.remote.RemoteWebDriver.findElement(RemoteWebDriver.java:352)\r\n\tat org.openqa.selenium.remote.RemoteWebDriver.findElement(RemoteWebDriver.java:344)\r\n\tat org.openqa.selenium.support.pagefactory.DefaultElementLocator.findElement(DefaultElementLocator.java:70)\r\n\tat org.openqa.selenium.support.pagefactory.internal.LocatingElementHandler.invoke(LocatingElementHandler.java:39)\r\n\tat jdk.proxy2/jdk.proxy2.$Proxy14.click(Unknown Source)\r\n\tat Cucumber.StepDefinitions.LoginSteps.CMSJob(LoginSteps.java:473)\r\n\tat ✽.Click on CMS Job(file:///E:/Automation_Jdms/jdmstesting/src/test/resources/features/CMSLoginTest.feature:37)\r\n","duration":2058878500,"status":"failed"},"line":37,"name":"Click on CMS Job","match":{"location":"Cucumber.StepDefinitions.LoginSteps.CMSJob()"},"keyword":"Then "}],"tags":[{"name":"@Test"}]},{"line":6,"name":"Home page of JDMS","description":"   // Given Login form in login page","type":"background","keyword":"Background","steps":[]},{"start_timestamp":"2023-07-12T05:11:21.426Z","before":[{"result":{"status":"passed"},"match":{"location":"Cucumber.StepDefinitions.Hooks.setUp()"}}],"line":39,"name":"Login to application using valid account and  Open Print Preview.","description":"","id":"login-tests;login-to-application-using-valid-account-and--open-print-preview.","after":[{"result":{"status":"passed"},"match":{"location":"Cucumber.StepDefinitions.Hooks.tearDown(io.cucumber.java.Scenario)"}}],"type":"scenario","keyword":"Scenario","steps":[{"result":{"duration":7808716800,"status":"passed"},"line":40,"name":"Click on Home","match":{"location":"Cucumber.StepDefinitions.LoginSteps.Home()"},"keyword":"And "},{"result":{"duration":6073974200,"status":"passed"},"line":41,"name":"Click on All Jobs","match":{"location":"Cucumber.StepDefinitions.LoginSteps.AllJobs()"},"keyword":"Then "},{"result":{"duration":5352385900,"status":"passed"},"line":42,"name":"Click on Approved","match":{"location":"Cucumber.StepDefinitions.LoginSteps.Approved()"},"keyword":"Then "},{"result":{"error_message":"org.openqa.selenium.NoSuchElementException: no such element: Unable to locate element: {\"method\":\"xpath\",\"selector\":\"//*[@id=\"GridPannelBody\"]/div[5]/div/div[2]/div[2]/div[3]/div[2]/div/div/div[3]/div[3]/td/a/p\"}\n  (Session info: chrome=114.0.5735.199)\nFor documentation on this error, please visit: https://selenium.dev/exceptions/#no_such_element\nBuild info: version: '4.8.1', revision: '8ebccac989'\nSystem info: os.name: 'Windows 10', os.arch: 'amd64', os.version: '10.0', java.version: '20.0.1'\nDriver info: org.openqa.selenium.chrome.ChromeDriver\nCommand: [f329adf0cdd5a5dba8a1791f60395df9, findElement {using=xpath, value=//*[@id=\"GridPannelBody\"]/div[5]/div/div[2]/div[2]/div[3]/div[2]/div/div/div[3]/div[3]/td/a/p}]\nCapabilities {acceptInsecureCerts: true, browserName: chrome, browserVersion: 114.0.5735.199, chrome: {chromedriverVersion: 114.0.5735.90 (386bc09e8f4f..., userDataDir: C:\\Users\\startbit\\AppData\\L...}, goog:chromeOptions: {debuggerAddress: localhost:51788}, networkConnectionEnabled: false, pageLoadStrategy: normal, platformName: WINDOWS, proxy: Proxy(), se:cdp: ws://localhost:51788/devtoo..., se:cdpVersion: 114.0.5735.199, setWindowRect: true, strictFileInteractability: false, timeouts: {implicit: 0, pageLoad: 300000, script: 30000}, unhandledPromptBehavior: accept, webauthn:extension:credBlob: true, webauthn:extension:largeBlob: true, webauthn:extension:minPinLength: true, webauthn:extension:prf: true, webauthn:virtualAuthenticators: true}\nSession ID: f329adf0cdd5a5dba8a1791f60395df9\r\n\tat java.base/jdk.internal.reflect.DirectConstructorHandleAccessor.newInstance(DirectConstructorHandleAccessor.java:67)\r\n\tat java.base/java.lang.reflect.Constructor.newInstanceWithCaller(Constructor.java:500)\r\n\tat java.base/java.lang.reflect.Constructor.newInstance(Constructor.java:484)\r\n\tat org.openqa.selenium.remote.codec.w3c.W3CHttpResponseCodec.createException(W3CHttpResponseCodec.java:200)\r\n\tat org.openqa.selenium.remote.codec.w3c.W3CHttpResponseCodec.decode(W3CHttpResponseCodec.java:133)\r\n\tat org.openqa.selenium.remote.codec.w3c.W3CHttpResponseCodec.decode(W3CHttpResponseCodec.java:53)\r\n\tat org.openqa.selenium.remote.HttpCommandExecutor.execute(HttpCommandExecutor.java:184)\r\n\tat org.openqa.selenium.remote.service.DriverCommandExecutor.invokeExecute(DriverCommandExecutor.java:167)\r\n\tat org.openqa.selenium.remote.service.DriverCommandExecutor.execute(DriverCommandExecutor.java:142)\r\n\tat org.openqa.selenium.remote.RemoteWebDriver.execute(RemoteWebDriver.java:543)\r\n\tat org.openqa.selenium.remote.ElementLocation$ElementFinder$2.findElement(ElementLocation.java:162)\r\n\tat org.openqa.selenium.remote.ElementLocation.findElement(ElementLocation.java:60)\r\n\tat org.openqa.selenium.remote.RemoteWebDriver.findElement(RemoteWebDriver.java:352)\r\n\tat org.openqa.selenium.remote.RemoteWebDriver.findElement(RemoteWebDriver.java:344)\r\n\tat org.openqa.selenium.support.pagefactory.DefaultElementLocator.findElement(DefaultElementLocator.java:70)\r\n\tat org.openqa.selenium.support.pagefactory.internal.LocatingElementHandler.invoke(LocatingElementHandler.java:39)\r\n\tat jdk.proxy2/jdk.proxy2.$Proxy14.click(Unknown Source)\r\n\tat Cucumber.StepDefinitions.LoginSteps.CMSJob(LoginSteps.java:473)\r\n\tat ✽.Click on CMS Job(file:///E:/Automation_Jdms/jdmstesting/src/test/resources/features/CMSLoginTest.feature:43)\r\n","duration":2020063600,"status":"failed"},"line":43,"name":"Click on CMS Job","match":{"location":"Cucumber.StepDefinitions.LoginSteps.CMSJob()"},"keyword":"Then "},{"result":{"status":"skipped"},"line":44,"name":"Click on Print Preview","match":{"location":"Cucumber.StepDefinitions.LoginSteps.PrintPreview()"},"keyword":"Then "}],"tags":[{"name":"@Test"}]}],"name":"Login tests","description":"  As User , I can login to JDMS and open all section links.","id":"login-tests","keyword":"Feature","uri":"file:src/test/resources/features/CMSLoginTest.feature","tags":[]}]